"../../../Engine/Content/EngineMeshes/Humanoid.uasset" 0
"../../../ProjSilverPhonex/Content/Static/Characters/SkeletonArmy/Characters/Footman/SkeletonFootman_Skeleton.uasset" 1
"../../../ProjSilverPhonex/Content/Dynamic/AI/Animations/Attack_07.uasset" 2
"../../../ProjSilverPhonex/Content/Dynamic/AI/Animations/Attack_07_Montage.uasset" 3
"../../../ProjSilverPhonex/Content/Dynamic/AI/Animations/Dead_02.uasset" 4
"../../../ProjSilverPhonex/Content/Dynamic/AI/Animations/Walk_Eqip_Front.uasset" 5
"../../../Engine/Content/EditorBlueprintResources/StandardMacros.uasset" 6
"../../../ProjSilverPhonex/Content/Dynamic/AI/Behaviour/eqsTestPawn.uasset" 7
"../../../ProjSilverPhonex/Content/Static/Characters/Mannequin/SK_Mannequin_Skeleton.uasset" 8
"../../../ProjSilverPhonex/Content/Dynamic/Animations/Montage/doublejump1.uasset" 9
"../../../ProjSilverPhonex/Content/Dynamic/DynamicSwordAnimset/Animations/InPlace/Dead_01.uasset" 10
"../../../ProjSilverPhonex/Content/Dynamic/DynamicSwordAnimset/Animations/InPlace/Dead_02.uasset" 11
"../../../ProjSilverPhonex/Content/Dynamic/DynamicSwordAnimset/Animations/InPlace/Jump_Running_End.uasset" 12
"../../../ProjSilverPhonex/Content/Dynamic/DynamicSwordAnimset/Animations/InPlace/Jump_Running_Loop.uasset" 13
"../../../ProjSilverPhonex/Content/Dynamic/DynamicSwordAnimset/Animations/InPlace/Jump_Running_Start.uasset" 14
"../../../ProjSilverPhonex/Content/Dynamic/DynamicSwordAnimset/Animations/InPlace/Idle_Eqip_01.uasset" 15
"../../../ProjSilverPhonex/Content/Dynamic/DynamicSwordAnimset/Animations/InPlace/Run_Eqip.uasset" 16
"../../../ProjSilverPhonex/Content/Dynamic/DynamicSwordAnimset/Animations/InPlace/Walk_Eqip_Back.uasset" 17
"../../../ProjSilverPhonex/Content/Dynamic/DynamicSwordAnimset/Animations/InPlace/Walk_Eqip_Back_Left.uasset" 18
"../../../ProjSilverPhonex/Content/Dynamic/DynamicSwordAnimset/Animations/InPlace/Walk_Eqip_Back_Right.uasset" 19
"../../../ProjSilverPhonex/Content/Dynamic/DynamicSwordAnimset/Animations/InPlace/Walk_Eqip_Front_Left.uasset" 20
"../../../ProjSilverPhonex/Content/Dynamic/DynamicSwordAnimset/Animations/InPlace/Walk_Eqip_Front_Right.uasset" 21
"../../../ProjSilverPhonex/Content/Dynamic/DynamicSwordAnimset/Animations/InPlace/Walk_Eqip_Left.uasset" 22
"../../../ProjSilverPhonex/Content/Dynamic/DynamicSwordAnimset/Animations/InPlace/Walk_Eqip_Right.uasset" 23
"../../../ProjSilverPhonex/Content/Dynamic/Animations/BlendSpace/Combat_BS.uasset" 24
"../../../ProjSilverPhonex/Content/Dynamic/DynamicSwordAnimset/Animations/InPlace/Idle_Uneqip.uasset" 25
"../../../ProjSilverPhonex/Content/Dynamic/DynamicSwordAnimset/Animations/InPlace/Run_Uneqip.uasset" 26
"../../../ProjSilverPhonex/Content/Dynamic/DynamicSwordAnimset/Animations/InPlace/Walk_Uneqip_Back.uasset" 27
"../../../ProjSilverPhonex/Content/Dynamic/DynamicSwordAnimset/Animations/InPlace/Walk_Uneqip_Back_Left.uasset" 28
"../../../ProjSilverPhonex/Content/Dynamic/DynamicSwordAnimset/Animations/InPlace/Walk_Uneqip_Back_Right.uasset" 29
"../../../ProjSilverPhonex/Content/Dynamic/DynamicSwordAnimset/Animations/InPlace/Walk_Uneqip_Front_Left.uasset" 30
"../../../ProjSilverPhonex/Content/Dynamic/DynamicSwordAnimset/Animations/InPlace/Walk_Uneqip_Front_Right.uasset" 31
"../../../ProjSilverPhonex/Content/Dynamic/DynamicSwordAnimset/Animations/InPlace/Walk_Uneqip_Left.uasset" 32
"../../../ProjSilverPhonex/Content/Dynamic/DynamicSwordAnimset/Animations/InPlace/Walk_Uneqip_Right.uasset" 33
"../../../ProjSilverPhonex/Content/Dynamic/Animations/BlendSpace/Passive_BS.uasset" 34
"../../../ProjSilverPhonex/Content/Dynamic/Animations/MeleeAnim_BP.uasset" 35
"../../../ProjSilverPhonex/Content/Dynamic/DynamicSwordAnimset/Animations/InPlace/Damage_01.uasset" 36
"../../../ProjSilverPhonex/Content/Dynamic/Animations/Montage/Damage_01_Montage.uasset" 37
"../../../ProjSilverPhonex/Content/Dynamic/DynamicSwordAnimset/Animations/RootMotion/Rolling_Back_02.uasset" 38
"../../../ProjSilverPhonex/Content/Dynamic/Animations/Montage/Rolling_Back_02_Montage.uasset" 39
"../../../ProjSilverPhonex/Content/Dynamic/DynamicSwordAnimset/Animations/RootMotion/Rolling_Front.uasset" 40
"../../../ProjSilverPhonex/Content/Dynamic/Animations/Montage/Rolling_Front_Montage.uasset" 41
"../../../ProjSilverPhonex/Content/Dynamic/DynamicSwordAnimset/Animations/RootMotion/Rolling_Left.uasset" 42
"../../../ProjSilverPhonex/Content/Dynamic/Animations/Montage/Rolling_Left_Montage.uasset" 43
"../../../ProjSilverPhonex/Content/Dynamic/DynamicSwordAnimset/Animations/RootMotion/Rolling_Right.uasset" 44
"../../../ProjSilverPhonex/Content/Dynamic/Animations/Montage/Rolling_Right_Montage.uasset" 45
"../../../ProjSilverPhonex/Content/Dynamic/DynamicSwordAnimset/Animations/RootMotion/Attack_01.uasset" 46
"../../../ProjSilverPhonex/Content/Dynamic/Animations/Montage/Attack_01_Montage.uasset" 47
"../../../ProjSilverPhonex/Content/Dynamic/DynamicSwordAnimset/Animations/RootMotion/Attack_08.uasset" 48
"../../../ProjSilverPhonex/Content/Dynamic/Animations/Montage/Attack_08_Montage.uasset" 49
"../../../ProjSilverPhonex/Content/Dynamic/DynamicSwordAnimset/Animations/RootMotion/Attack_09.uasset" 50
"../../../ProjSilverPhonex/Content/Dynamic/Animations/Montage/Attack_09_Montage.uasset" 51
"../../../ProjSilverPhonex/Content/Dynamic/DynamicSwordAnimset/Animations/RootMotion/Attack_12.uasset" 52
"../../../ProjSilverPhonex/Content/Dynamic/Animations/Montage/Attack_12_Montage.uasset" 53
"../../../ProjSilverPhonex/Content/Dynamic/DynamicSwordAnimset/Animations/InPlace/Eqip_To_Uneqip.uasset" 54
"../../../ProjSilverPhonex/Content/Dynamic/Animations/Montage/Eqip_To_Uneqip_Montage.uasset" 55
"../../../Engine/Content/Functions/Engine_MaterialFunctions01/Gradient/LinearGradient.uasset" 56
"../../../Engine/Content/EngineResources/DefaultTexture.uasset" 57
"../../../ProjSilverPhonex/Content/Static/AdvancedMagicFX12/Textures/T_ky_maskRGB3.uasset" 58
"../../../ProjSilverPhonex/Content/Static/AdvancedMagicFX12/Materials/Mfunction/MF_ky_addHilight.uasset" 59
"../../../ProjSilverPhonex/Content/Static/AdvancedMagicFX12/Textures/T_ky_noise16.uasset" 60
"../../../ProjSilverPhonex/Content/Static/AdvancedMagicFX12/Textures/T_ky_noise4.uasset" 61
"../../../ProjSilverPhonex/Content/Static/AdvancedMagicFX12/Textures/T_ky_noise6.uasset" 62
"../../../ProjSilverPhonex/Content/Static/AdvancedMagicFX12/Materials/M_ky_trail_sword_attribute.uasset" 63
"../../../ProjSilverPhonex/Content/Static/AdvancedMagicFX12/Materials/MI_ky_trail_sword_shine.uasset" 64
"../../../ProjSilverPhonex/Content/Static/AdvancedMagicFX12/particles/P_ky_trail_shine.uasset" 65
"../../../ProjSilverPhonex/Content/Static/Weapons/InfinityBladeWeapons/Weapons/Blade/Swords/Blade_BlackWyrmBlade/T_Blade_BlackWyrmBlade1_N.uasset" 66
"../../../ProjSilverPhonex/Content/Static/Weapons/InfinityBladeWeapons/Weapons/Blade/Swords/Blade_Glimmer/T_Blade_Glimmer1_D.uasset" 67
"../../../ProjSilverPhonex/Content/Static/Weapons/InfinityBladeWeapons/Weapons/Blade/Swords/Blade_Glimmer/T_Blade_Glimmer1_N.uasset" 68
"../../../ProjSilverPhonex/Content/Static/Weapons/InfinityBladeWeapons/Weapons/Blade/Swords/Blade_Glimmer/T_Blade_Glimmer2_D.uasset" 69
"../../../ProjSilverPhonex/Content/Static/Weapons/InfinityBladeWeapons/Weapons/Blade/Swords/Blade_Glimmer/T_Blade_Glimmer2_M.uasset" 70
"../../../ProjSilverPhonex/Content/Static/Weapons/InfinityBladeWeapons/Weapons/Blade/Swords/Blade_Glimmer/T_Blade_Glimmer2_N.uasset" 71
"../../../ProjSilverPhonex/Content/Static/Weapons/InfinityBladeWeapons/Weapons/Blade/Swords/Blade_Glimmer/M_Blade_Glimmer.uasset" 72
"../../../ProjSilverPhonex/Content/Static/Weapons/InfinityBladeWeapons/Weapons/Blade/Swords/Blade_Glimmer/SK_Blade_Glimmer_Skeleton.uasset" 73
"../../../ProjSilverPhonex/Content/Static/Weapons/InfinityBladeWeapons/Weapons/Blade/Swords/Blade_Glimmer/SK_Blade_Glimmer.uasset" 74
"../../../ProjSilverPhonex/Content/Static/Weapons/Meshes/Glimmer.uasset" 75
"../../../ProjSilverPhonex/Content/Dynamic/Items/BasicSword_BP.uasset" 76
"../../../ProjSilverPhonex/Content/Dynamic/UI/Death_UI.uasset" 77
"../../../ProjSilverPhonex/Content/Dynamic/UI/DetailWidget.uasset" 78
"../../../ProjSilverPhonex/Content/Dynamic/UI/RemoveItemWidget.uasset" 79
"../../../ProjSilverPhonex/Content/Dynamic/UI/ActionMenu.uasset" 80
"../../../ProjSilverPhonex/Content/Dynamic/UI/DraggedItem_UI.uasset" 81
"../../../ProjSilverPhonex/Content/Dynamic/UI/InventorySlots.uasset" 82
"../../../ProjSilverPhonex/Content/Dynamic/UI/ItemDrag.uasset" 83
"../../../ProjSilverPhonex/Content/Dynamic/UI/Inventory.uasset" 84
"../../../ProjSilverPhonex/Content/Dynamic/UI/Player_UI.uasset" 85
"../../../ProjSilverPhonex/Content/Dynamic/Player/SPlayerController_bp.uasset" 86
"../../../Engine/Content/Functions/Engine_MaterialFunctions02/Utility/BlendAngleCorrectedNormals.uasset" 87
"../../../Engine/Content/Functions/MaterialLayerFunctions/MatLayerBlend_AO.uasset" 88
"../../../Engine/Content/Functions/MaterialLayerFunctions/MatLayerBlend_NormalBlend.uasset" 89
"../../../Engine/Content/Functions/MaterialLayerFunctions/MatLayerBlend_Simple.uasset" 90
"../../../ProjSilverPhonex/Content/Static/Characters/Mannequin/Materials/MaterialLayers/T_ML_Aluminum01.uasset" 91
"../../../ProjSilverPhonex/Content/Static/Characters/Mannequin/Materials/MaterialLayers/T_ML_Aluminum01_N.uasset" 92
"../../../ProjSilverPhonex/Content/Static/Characters/Mannequin/Materials/MaterialLayers/ML_GlossyBlack_Latex_UE4.uasset" 93
"../../../ProjSilverPhonex/Content/Static/Characters/Mannequin/Materials/MaterialLayers/ML_Plastic_Shiny_Beige.uasset" 94
"../../../ProjSilverPhonex/Content/Static/Characters/Mannequin/Textures/UE4_LOGO_CARD.uasset" 95
"../../../ProjSilverPhonex/Content/Static/Characters/Mannequin/Materials/MaterialLayers/ML_Plastic_Shiny_Beige_LOGO.uasset" 96
"../../../ProjSilverPhonex/Content/Static/Characters/Mannequin/Materials/MaterialLayers/T_ML_Rubber_Blue_01_N.uasset" 97
"../../../ProjSilverPhonex/Content/Static/Characters/Mannequin/Materials/MaterialLayers/ML_SoftMetal_UE4.uasset" 98
"../../../ProjSilverPhonex/Content/Static/Characters/Mannequin/Textures/UE4_Mannequin__normals.uasset" 99
"../../../ProjSilverPhonex/Content/Static/Characters/Mannequin/Textures/UE4_Mannequin_MAT_MASKA.uasset" 100
"../../../ProjSilverPhonex/Content/Static/Characters/Mannequin/Textures/UE4_Mannequin_occlusion.uasset" 101
"../../../ProjSilverPhonex/Content/Static/Characters/Mannequin/Materials/M_UE4Man_Body.uasset" 102
"../../../ProjSilverPhonex/Content/Static/Characters/Mannequin/Textures/UE4Man_Logo_N.uasset" 103
"../../../ProjSilverPhonex/Content/Static/Characters/Mannequin/Materials/M_UE4Man_ChestLogo.uasset" 104
"../../../ProjSilverPhonex/Content/Static/Characters/Mannequin/SK_Mannequin_PhysicsAsset.uasset" 105
"../../../ProjSilverPhonex/Content/Static/Characters/Mannequin/SK_Mannequin.uasset" 106
"../../../ProjSilverPhonex/Content/Dynamic/Player/MySPlayer2.uasset" 107
"../../../ProjSilverPhonex/Content/Dynamic/AI/Behaviour/EnemyContext.uasset" 108
"../../../ProjSilverPhonex/Content/Dynamic/AI/Behaviour/EQS_ContextStrafeLeft.uasset" 109
"../../../ProjSilverPhonex/Content/Dynamic/AI/Behaviour/TestEQS.uasset" 110
"../../../ProjSilverPhonex/Content/Dynamic/AI/Behaviour/EqsStrafeTask.uasset" 111
"../../../ProjSilverPhonex/Content/Dynamic/AI/Behaviour/StrafeEQS.uasset" 112
"../../../ProjSilverPhonex/Content/Dynamic/AI/Animations/Attack_16.uasset" 113
"../../../ProjSilverPhonex/Content/Dynamic/AI/Animations/Attack_16_Montage.uasset" 114
"../../../ProjSilverPhonex/Content/Dynamic/DynamicSwordAnimset/Weapon/Sword_PhysicsAsset.uasset" 115
"../../../ProjSilverPhonex/Content/Dynamic/DynamicSwordAnimset/Weapon/Sword_Skeleton.uasset" 116
"../../../ProjSilverPhonex/Content/Dynamic/DynamicSwordAnimset/Weapon/Sword.uasset" 117
"../../../ProjSilverPhonex/Content/Static/AdvancedMagicFX12/Materials/M_ky_trail_sword_primitive.uasset" 118
"../../../ProjSilverPhonex/Content/Static/AdvancedMagicFX12/particles/P_ky_trail_primitive.uasset" 119
"../../../ProjSilverPhonex/Content/Dynamic/AI/Weapons/SwordAI_BP.uasset" 120
"../../../ProjSilverPhonex/Content/Dynamic/DynamicSwordAnimset/Animations/RootMotion/Attack_10.uasset" 121
"../../../ProjSilverPhonex/Content/Dynamic/Animations/Montage/Attack_10_Montage.uasset" 122
"../../../ProjSilverPhonex/Content/Dynamic/DynamicSwordAnimset/Animations/RootMotion/Attack_11.uasset" 123
"../../../ProjSilverPhonex/Content/Dynamic/Animations/Montage/Attack_11_Montage.uasset" 124
"../../../ProjSilverPhonex/Content/Dynamic/Animations/Montage/Dead_01_Montage.uasset" 125
"../../../ProjSilverPhonex/Content/Dynamic/Animations/Montage/Dead_02_Montage.uasset" 126
"../../../ProjSilverPhonex/Content/Dynamic/Animations/Montage/doublejump.uasset" 127
"../../../ProjSilverPhonex/Content/Dynamic/DynamicSwordAnimset/Animations/RootMotion/Rolling_Back_01.uasset" 128
"../../../ProjSilverPhonex/Content/Dynamic/Animations/Montage/Rolling_Back_01_Montage.uasset" 129
"../../../ProjSilverPhonex/Content/Dynamic/DynamicSwordAnimset/Animations/InPlace/Uneqip_To_Eqip.uasset" 130
"../../../ProjSilverPhonex/Content/Dynamic/Animations/Montage/Uneqip_To_Eqip_Montage.uasset" 131
"../../../ProjSilverPhonex/Content/Dynamic/DynamicSwordAnimset/Animations/InPlace/Attack_01.uasset" 132
"../../../ProjSilverPhonex/Content/Dynamic/DynamicSwordAnimset/Animations/InPlace/Attack_02.uasset" 133
"../../../ProjSilverPhonex/Content/Dynamic/DynamicSwordAnimset/Animations/InPlace/Attack_03.uasset" 134
"../../../ProjSilverPhonex/Content/Dynamic/DynamicSwordAnimset/Animations/InPlace/Attack_04.uasset" 135
"../../../ProjSilverPhonex/Content/Dynamic/DynamicSwordAnimset/Animations/InPlace/Attack_05.uasset" 136
"../../../ProjSilverPhonex/Content/Dynamic/DynamicSwordAnimset/Animations/InPlace/Attack_06.uasset" 137
"../../../ProjSilverPhonex/Content/Dynamic/DynamicSwordAnimset/Animations/InPlace/Attack_07.uasset" 138
"../../../ProjSilverPhonex/Content/Dynamic/DynamicSwordAnimset/Animations/InPlace/Attack_08.uasset" 139
"../../../ProjSilverPhonex/Content/Dynamic/DynamicSwordAnimset/Animations/InPlace/Attack_09.uasset" 140
"../../../ProjSilverPhonex/Content/Dynamic/DynamicSwordAnimset/Animations/InPlace/Attack_10.uasset" 141
"../../../ProjSilverPhonex/Content/Dynamic/DynamicSwordAnimset/Animations/InPlace/Attack_11.uasset" 142
"../../../ProjSilverPhonex/Content/Dynamic/DynamicSwordAnimset/Animations/InPlace/Attack_12.uasset" 143
"../../../ProjSilverPhonex/Content/Dynamic/DynamicSwordAnimset/Animations/InPlace/Attack_13.uasset" 144
"../../../ProjSilverPhonex/Content/Dynamic/DynamicSwordAnimset/Animations/InPlace/Attack_14.uasset" 145
"../../../ProjSilverPhonex/Content/Dynamic/DynamicSwordAnimset/Animations/InPlace/Attack_15.uasset" 146
"../../../ProjSilverPhonex/Content/Dynamic/DynamicSwordAnimset/Animations/InPlace/Attack_16.uasset" 147
"../../../ProjSilverPhonex/Content/Dynamic/DynamicSwordAnimset/Animations/InPlace/Attack_17.uasset" 148
"../../../ProjSilverPhonex/Content/Dynamic/DynamicSwordAnimset/Animations/InPlace/Attack_18.uasset" 149
"../../../ProjSilverPhonex/Content/Dynamic/DynamicSwordAnimset/Animations/InPlace/Attack_Eqip_01.uasset" 150
"../../../ProjSilverPhonex/Content/Dynamic/DynamicSwordAnimset/Animations/InPlace/Attack_Eqip_02.uasset" 151
"../../../ProjSilverPhonex/Content/Dynamic/DynamicSwordAnimset/Animations/InPlace/Block.uasset" 152
"../../../ProjSilverPhonex/Content/Dynamic/DynamicSwordAnimset/Animations/InPlace/Block_Damage.uasset" 153
"../../../ProjSilverPhonex/Content/Dynamic/DynamicSwordAnimset/Animations/InPlace/Block_End.uasset" 154
"../../../ProjSilverPhonex/Content/Dynamic/DynamicSwordAnimset/Animations/InPlace/Block_Guard.uasset" 155
"../../../ProjSilverPhonex/Content/Dynamic/DynamicSwordAnimset/Animations/InPlace/Block_Loop.uasset" 156
"../../../ProjSilverPhonex/Content/Dynamic/DynamicSwordAnimset/Animations/InPlace/Block_Start.uasset" 157
"../../../ProjSilverPhonex/Content/Dynamic/DynamicSwordAnimset/Animations/InPlace/Combo_01.uasset" 158
"../../../ProjSilverPhonex/Content/Dynamic/DynamicSwordAnimset/Animations/InPlace/Combo_02.uasset" 159
"../../../ProjSilverPhonex/Content/Dynamic/DynamicSwordAnimset/Animations/InPlace/Crouch_Pickup.uasset" 160
"../../../ProjSilverPhonex/Content/Dynamic/DynamicSwordAnimset/Animations/InPlace/Crouch_To_Uneqip.uasset" 161
"../../../ProjSilverPhonex/Content/Dynamic/DynamicSwordAnimset/Animations/InPlace/Damage_02.uasset" 162
"../../../ProjSilverPhonex/Content/Dynamic/DynamicSwordAnimset/Animations/InPlace/Damage_Left_01.uasset" 163
"../../../ProjSilverPhonex/Content/Dynamic/DynamicSwordAnimset/Animations/InPlace/Damage_Left_02.uasset" 164
"../../../ProjSilverPhonex/Content/Dynamic/DynamicSwordAnimset/Animations/InPlace/Damage_Right_01.uasset" 165
"../../../ProjSilverPhonex/Content/Dynamic/DynamicSwordAnimset/Animations/InPlace/Damage_Right_02.uasset" 166
"../../../ProjSilverPhonex/Content/Dynamic/DynamicSwordAnimset/Animations/InPlace/Dash.uasset" 167
"../../../ProjSilverPhonex/Content/Dynamic/DynamicSwordAnimset/Animations/InPlace/Dead_03.uasset" 168
"../../../ProjSilverPhonex/Content/Dynamic/DynamicSwordAnimset/Animations/InPlace/Dead_04.uasset" 169
"../../../ProjSilverPhonex/Content/Dynamic/DynamicSwordAnimset/Animations/InPlace/Falling_Back.uasset" 170
"../../../ProjSilverPhonex/Content/Dynamic/DynamicSwordAnimset/Animations/InPlace/Falling_Back_Down.uasset" 171
"../../../ProjSilverPhonex/Content/Dynamic/DynamicSwordAnimset/Animations/InPlace/Falling_Back_Down_Up.uasset" 172
"../../../ProjSilverPhonex/Content/Dynamic/DynamicSwordAnimset/Animations/InPlace/Falling_Front.uasset" 173
"../../../ProjSilverPhonex/Content/Dynamic/DynamicSwordAnimset/Animations/InPlace/Falling_Front_Down.uasset" 174
"../../../ProjSilverPhonex/Content/Dynamic/DynamicSwordAnimset/Animations/InPlace/Falling_Front_Down_Up.uasset" 175
"../../../ProjSilverPhonex/Content/Dynamic/DynamicSwordAnimset/Animations/InPlace/Falling_Front_End.uasset" 176
"../../../ProjSilverPhonex/Content/Dynamic/DynamicSwordAnimset/Animations/InPlace/Jump_Move_Front.uasset" 177
"../../../ProjSilverPhonex/Content/Dynamic/DynamicSwordAnimset/Animations/InPlace/Jump_Running.uasset" 178
"../../../ProjSilverPhonex/Content/Dynamic/DynamicSwordAnimset/Animations/InPlace/Jump_Stand.uasset" 179
"../../../ProjSilverPhonex/Content/Dynamic/DynamicSwordAnimset/Animations/InPlace/Jump_Stand_End_01.uasset" 180
"../../../ProjSilverPhonex/Content/Dynamic/DynamicSwordAnimset/Animations/InPlace/Jump_Stand_End_02.uasset" 181
"../../../ProjSilverPhonex/Content/Dynamic/DynamicSwordAnimset/Animations/InPlace/Jump_Stand_Loop.uasset" 182
"../../../ProjSilverPhonex/Content/Dynamic/DynamicSwordAnimset/Animations/InPlace/Jump_Stand_Start.uasset" 183
"../../../ProjSilverPhonex/Content/Dynamic/DynamicSwordAnimset/Animations/InPlace/Knockdown_Back.uasset" 184
"../../../ProjSilverPhonex/Content/Dynamic/DynamicSwordAnimset/Animations/InPlace/Knockdown_Back_Up.uasset" 185
"../../../ProjSilverPhonex/Content/Dynamic/DynamicSwordAnimset/Animations/InPlace/Knockdown_Front.uasset" 186
"../../../ProjSilverPhonex/Content/Dynamic/DynamicSwordAnimset/Animations/InPlace/Knockdown_Front_Up.uasset" 187
"../../../ProjSilverPhonex/Content/Dynamic/DynamicSwordAnimset/Animations/InPlace/Rolling_Back_01.uasset" 188
"../../../ProjSilverPhonex/Content/Dynamic/DynamicSwordAnimset/Animations/InPlace/Rolling_Back_02.uasset" 189
"../../../ProjSilverPhonex/Content/Dynamic/DynamicSwordAnimset/Animations/InPlace/Rolling_Front.uasset" 190
"../../../ProjSilverPhonex/Content/Dynamic/DynamicSwordAnimset/Animations/InPlace/Rolling_Left.uasset" 191
"../../../ProjSilverPhonex/Content/Dynamic/DynamicSwordAnimset/Animations/InPlace/Rolling_Right.uasset" 192
"../../../ProjSilverPhonex/Content/Dynamic/DynamicSwordAnimset/Animations/InPlace/Step_Back.uasset" 193
"../../../ProjSilverPhonex/Content/Dynamic/DynamicSwordAnimset/Animations/InPlace/Step_Left.uasset" 194
"../../../ProjSilverPhonex/Content/Dynamic/DynamicSwordAnimset/Animations/InPlace/Step_Right.uasset" 195
"../../../ProjSilverPhonex/Content/Dynamic/DynamicSwordAnimset/Animations/InPlace/Stun.uasset" 196
"../../../ProjSilverPhonex/Content/Dynamic/DynamicSwordAnimset/Animations/InPlace/Uneqip_Pickup.uasset" 197
"../../../ProjSilverPhonex/Content/Dynamic/DynamicSwordAnimset/Animations/InPlace/Uneqip_To_Crouch.uasset" 198
"../../../ProjSilverPhonex/Content/Dynamic/DynamicSwordAnimset/Animations/RootMotion/Attack_05.uasset" 199
"../../../ProjSilverPhonex/Content/Dynamic/DynamicSwordAnimset/Animations/RootMotion/Attack_07.uasset" 200
"../../../ProjSilverPhonex/Content/Dynamic/DynamicSwordAnimset/Animations/RootMotion/Attack_13.uasset" 201
"../../../ProjSilverPhonex/Content/Dynamic/DynamicSwordAnimset/Animations/RootMotion/Attack_16.uasset" 202
"../../../ProjSilverPhonex/Content/Dynamic/DynamicSwordAnimset/Animations/RootMotion/Attack_17.uasset" 203
"../../../ProjSilverPhonex/Content/Dynamic/DynamicSwordAnimset/Animations/RootMotion/Attack_18.uasset" 204
"../../../ProjSilverPhonex/Content/Dynamic/DynamicSwordAnimset/Animations/RootMotion/Attack_Eqip_01.uasset" 205
"../../../ProjSilverPhonex/Content/Dynamic/DynamicSwordAnimset/Animations/RootMotion/Attack_Eqip_02.uasset" 206
"../../../ProjSilverPhonex/Content/Dynamic/DynamicSwordAnimset/Animations/RootMotion/Combo_01.uasset" 207
"../../../ProjSilverPhonex/Content/Dynamic/DynamicSwordAnimset/Animations/RootMotion/Combo_02.uasset" 208
"../../../ProjSilverPhonex/Content/Dynamic/DynamicSwordAnimset/Animations/RootMotion/Damage_Left_02.uasset" 209
"../../../ProjSilverPhonex/Content/Dynamic/DynamicSwordAnimset/Animations/RootMotion/Damage_Right_02.uasset" 210
"../../../ProjSilverPhonex/Content/Dynamic/DynamicSwordAnimset/Animations/RootMotion/Dash.uasset" 211
"../../../ProjSilverPhonex/Content/Dynamic/DynamicSwordAnimset/Animations/RootMotion/Dead_01.uasset" 212
"../../../ProjSilverPhonex/Content/Dynamic/DynamicSwordAnimset/Animations/RootMotion/Dead_02.uasset" 213
"../../../ProjSilverPhonex/Content/Dynamic/DynamicSwordAnimset/Animations/RootMotion/Dead_03.uasset" 214
"../../../ProjSilverPhonex/Content/Dynamic/DynamicSwordAnimset/Animations/RootMotion/Dead_04.uasset" 215
"../../../ProjSilverPhonex/Content/Dynamic/DynamicSwordAnimset/Animations/RootMotion/Falling_Back_Down.uasset" 216
"../../../ProjSilverPhonex/Content/Dynamic/DynamicSwordAnimset/Animations/RootMotion/Falling_Back_Down_Up.uasset" 217
"../../../ProjSilverPhonex/Content/Dynamic/DynamicSwordAnimset/Animations/RootMotion/Falling_Front_Down.uasset" 218
"../../../ProjSilverPhonex/Content/Dynamic/DynamicSwordAnimset/Animations/RootMotion/Jump_Move_Front.uasset" 219
"../../../ProjSilverPhonex/Content/Dynamic/DynamicSwordAnimset/Animations/RootMotion/Jump_Running.uasset" 220
"../../../ProjSilverPhonex/Content/Dynamic/DynamicSwordAnimset/Animations/RootMotion/Jump_Running_Start.uasset" 221
"../../../ProjSilverPhonex/Content/Dynamic/DynamicSwordAnimset/Animations/RootMotion/Jump_Stand.uasset" 222
"../../../ProjSilverPhonex/Content/Dynamic/DynamicSwordAnimset/Animations/RootMotion/Jump_Stand_Start.uasset" 223
"../../../ProjSilverPhonex/Content/Dynamic/DynamicSwordAnimset/Animations/RootMotion/Knockdown_Back.uasset" 224
"../../../ProjSilverPhonex/Content/Dynamic/DynamicSwordAnimset/Animations/RootMotion/Knockdown_Back_Up.uasset" 225
"../../../ProjSilverPhonex/Content/Dynamic/DynamicSwordAnimset/Animations/RootMotion/Knockdown_Front.uasset" 226
"../../../ProjSilverPhonex/Content/Dynamic/DynamicSwordAnimset/Animations/RootMotion/Knockdown_Front_Up.uasset" 227
"../../../ProjSilverPhonex/Content/Dynamic/DynamicSwordAnimset/Animations/RootMotion/Step_Back.uasset" 228
"../../../ProjSilverPhonex/Content/Dynamic/DynamicSwordAnimset/Animations/RootMotion/Step_Left.uasset" 229
"../../../ProjSilverPhonex/Content/Dynamic/DynamicSwordAnimset/Animations/RootMotion/Step_Right.uasset" 230
"../../../ProjSilverPhonex/Content/Dynamic/DynamicSwordAnimset/Animations/InPlace/Idle_Crouch.uasset" 231
"../../../ProjSilverPhonex/Content/Dynamic/DynamicSwordAnimset/Animations/InPlace/Walk_Crouch_Front.uasset" 232
"../../../ProjSilverPhonex/Content/Dynamic/DynamicSwordAnimset/BlendSpaces/Idle_Crouch_BS.uasset" 233
"../../../ProjSilverPhonex/Content/Dynamic/DynamicSwordAnimset/Animations/AimOffsets/Idle_Eqip_CC.uasset" 234
"../../../ProjSilverPhonex/Content/Dynamic/DynamicSwordAnimset/Animations/AimOffsets/Idle_Eqip_CD.uasset" 235
"../../../ProjSilverPhonex/Content/Dynamic/DynamicSwordAnimset/Animations/AimOffsets/Idle_Eqip_CU.uasset" 236
"../../../ProjSilverPhonex/Content/Dynamic/DynamicSwordAnimset/Animations/AimOffsets/Idle_Eqip_LC.uasset" 237
"../../../ProjSilverPhonex/Content/Dynamic/DynamicSwordAnimset/Animations/AimOffsets/Idle_Eqip_LD.uasset" 238
"../../../ProjSilverPhonex/Content/Dynamic/DynamicSwordAnimset/Animations/AimOffsets/Idle_Eqip_LU.uasset" 239
"../../../ProjSilverPhonex/Content/Dynamic/DynamicSwordAnimset/Animations/AimOffsets/Idle_Eqip_RC.uasset" 240
"../../../ProjSilverPhonex/Content/Dynamic/DynamicSwordAnimset/Animations/AimOffsets/Idle_Eqip_RD.uasset" 241
"../../../ProjSilverPhonex/Content/Dynamic/DynamicSwordAnimset/Animations/AimOffsets/Idle_Eqip_RU.uasset" 242
"../../../ProjSilverPhonex/Content/Dynamic/DynamicSwordAnimset/BlendSpaces/Idle_Eqip_AimOffset.uasset" 243
"../../../ProjSilverPhonex/Content/Dynamic/DynamicSwordAnimset/Animations/InPlace/Walk_Eqip_Front.uasset" 244
"../../../ProjSilverPhonex/Content/Dynamic/DynamicSwordAnimset/BlendSpaces/Idle_Eqip_BS.uasset" 245
"../../../ProjSilverPhonex/Content/Dynamic/DynamicSwordAnimset/Animations/InPlace/Walk_Uneqip_Front.uasset" 246
"../../../ProjSilverPhonex/Content/Dynamic/DynamicSwordAnimset/BlendSpaces/Idle_Uneqip_BS.uasset" 247
"../../../ProjSilverPhonex/Content/Dynamic/DynamicSwordAnimset/Animations/InPlace/Walk_Crouch_Back.uasset" 248
"../../../ProjSilverPhonex/Content/Dynamic/DynamicSwordAnimset/Animations/InPlace/Walk_Crouch_Left.uasset" 249
"../../../ProjSilverPhonex/Content/Dynamic/DynamicSwordAnimset/Animations/InPlace/Walk_Crouch_Right.uasset" 250
"../../../ProjSilverPhonex/Content/Dynamic/DynamicSwordAnimset/BlendSpaces/Walk_Crouch_BS.uasset" 251
"../../../ProjSilverPhonex/Content/Dynamic/DynamicSwordAnimset/Animations/InPlace/Idle_Eqip_02.uasset" 252
"../../../ProjSilverPhonex/Content/Dynamic/DynamicSwordAnimset/BlendSpaces/Walk_Eqip_BS.uasset" 253
"../../../ProjSilverPhonex/Content/Dynamic/DynamicSwordAnimset/BlendSpaces/Walk_Uneqip_BS.uasset" 254
"../../../ProjSilverPhonex/Content/Dynamic/UI/AIHealthBarUI.uasset" 255
"../../../ProjSilverPhonex/Content/Dynamic/UI/AIHealthBar_UI.uasset" 256
"../../../ProjSilverPhonex/Content/Dynamic/UI/Pause_UI.uasset" 257
"../../../Engine/Content/EngineResources/Black.uasset" 258
"../../../ProjSilverPhonex/Content/InfinityBladeEffects/Effects/Masters/M_Add_Sprite_SubUV_Master.uasset" 259
"../../../ProjSilverPhonex/Content/InfinityBladeEffects/Effects/FX_Textures/Fire/T_Fire_subUV_6X6.uasset" 260
"../../../ProjSilverPhonex/Content/InfinityBladeEffects/Effects/FX_Materials/Fire/M_Fire_01_Add_6X6_INST.uasset" 261
"../../../ProjSilverPhonex/Content/InfinityBladeEffects/Effects/Masters/M_Add_Sprite_Master_DepthFade.uasset" 262
"../../../ProjSilverPhonex/Content/InfinityBladeEffects/Effects/FX_Textures/Gradient/T_starFlare_01.uasset" 263
"../../../ProjSilverPhonex/Content/InfinityBladeEffects/Effects/FX_Materials/Gradient/M_Flare_01_INST.uasset" 264
"../../../ProjSilverPhonex/Content/InfinityBladeEffects/Effects/FX_Textures/Tile/T_Black_32.uasset" 265
"../../../ProjSilverPhonex/Content/InfinityBladeEffects/Effects/Masters/M_Trans_Sprite_Master_DepthFade.uasset" 266
"../../../ProjSilverPhonex/Content/InfinityBladeEffects/Effects/FX_Textures/Liquid/T_bloodTest_4X6.uasset" 267
"../../../ProjSilverPhonex/Content/InfinityBladeEffects/Effects/FX_Materials/Liquid/M_Liquid_Spray_01_4X6_INST.uasset" 268
"../../../ProjSilverPhonex/Content/InfinityBladeEffects/Effects/FX_Textures/Spark/T_Sparks_03_SubUV_1_4.uasset" 269
"../../../ProjSilverPhonex/Content/InfinityBladeEffects/Effects/FX_Materials/Spark/M_Spark_03_1_4_INST.uasset" 270
"../../../ProjSilverPhonex/Content/InfinityBladeEffects/Effects/FX_Ability/Defense/P_EnergyBlast_Impact.uasset" 271
"../../../ProjSilverPhonex/Content/Static/AdvancedMagicFX12/Materials/MI_ky_trail_sword_dark.uasset" 272
"../../../ProjSilverPhonex/Content/Static/AdvancedMagicFX12/particles/P_ky_trail_dark.uasset" 273
"../../../Engine/Content/Functions/Engine_MaterialFunctions01/Density/ExponentialDensity.uasset" 274
"../../../Engine/Content/Functions/Engine_MaterialFunctions01/Gradient/RadialGradientExponential.uasset" 275
"../../../ProjSilverPhonex/Content/Static/AdvancedMagicFX12/Textures/T_ky_noise3.uasset" 276
"../../../ProjSilverPhonex/Content/Static/AdvancedMagicFX12/Materials/M_ky_dynDust.uasset" 277
"../../../ProjSilverPhonex/Content/Static/AdvancedMagicFX12/Textures/T_ky_smoke2.uasset" 278
"../../../ProjSilverPhonex/Content/Static/AdvancedMagicFX12/Materials/MI_ky_dynDust2.uasset" 279
"../../../ProjSilverPhonex/Content/Static/AdvancedMagicFX12/particles/P_ky_trail_darkDust.uasset" 280
"../../../ProjSilverPhonex/Content/Static/AdvancedMagicFX12/Materials/MI_ky_trail_sword_fire.uasset" 281
"../../../ProjSilverPhonex/Content/Static/AdvancedMagicFX12/particles/P_ky_trail_fire.uasset" 282
"../../../ProjSilverPhonex/Content/Static/AdvancedMagicFX12/Materials/MI_ky_dynDust.uasset" 283
"../../../ProjSilverPhonex/Content/Static/AdvancedMagicFX12/particles/P_ky_trail_fireDust.uasset" 284
"../../../ProjSilverPhonex/Content/Static/AdvancedMagicFX12/Materials/MI_ky_trail_sword_ice.uasset" 285
"../../../ProjSilverPhonex/Content/Static/AdvancedMagicFX12/particles/P_ky_trail_ice.uasset" 286
"../../../Engine/Content/Functions/Engine_MaterialFunctions01/Gradient/DiamondGradient.uasset" 287
"../../../Engine/Content/EditorMaterials/Cascade/CASC_Cross.uasset" 288
"../../../Engine/Content/EditorMaterials/Cascade/CASC_None.uasset" 289
"../../../Engine/Content/Functions/Engine_MaterialFunctions03/Blends/Blend_Screen.uasset" 290
"../../../ProjSilverPhonex/Content/Static/AdvancedMagicFX12/Textures/T_ky_dust_longStar.uasset" 291
"../../../ProjSilverPhonex/Content/Static/AdvancedMagicFX12/Materials/M_ky_starDust.uasset" 292
"../../../ProjSilverPhonex/Content/Static/AdvancedMagicFX12/Materials/MI_ky_starDust_sq.uasset" 293
"../../../ProjSilverPhonex/Content/Static/AdvancedMagicFX12/Textures/T_ky_dist_noise.uasset" 294
"../../../ProjSilverPhonex/Content/Static/AdvancedMagicFX12/Textures/T_ky_smoke_kai.uasset" 295
"../../../ProjSilverPhonex/Content/Static/AdvancedMagicFX12/Materials/M_ky_base_turbulence.uasset" 296
"../../../ProjSilverPhonex/Content/Static/AdvancedMagicFX12/Materials/MI_ky_turbulence_smoke2d_trs.uasset" 297
"../../../ProjSilverPhonex/Content/Static/AdvancedMagicFX12/particles/P_ky_trail_iceDust.uasset" 298
"../../../ProjSilverPhonex/Content/Static/AdvancedMagicFX12/Materials/MI_ky_starDust_dis.uasset" 299
"../../../ProjSilverPhonex/Content/Static/AdvancedMagicFX12/particles/P_ky_trail_shineDust.uasset" 300
"../../../ProjSilverPhonex/Content/Static/AdvancedMagicFX12/Materials/MI_ky_trail_sword_thunder.uasset" 301
"../../../ProjSilverPhonex/Content/Static/AdvancedMagicFX12/particles/P_ky_trail_thunder.uasset" 302
"../../../Engine/Content/Functions/Engine_MaterialFunctions02/Fresnel_Function.uasset" 303
"../../../ProjSilverPhonex/Content/Static/AdvancedMagicFX12/Textures/T_ky_noise5.uasset" 304
"../../../ProjSilverPhonex/Content/Static/AdvancedMagicFX12/Textures/T_ky_sourceCircle01.uasset" 305
"../../../ProjSilverPhonex/Content/Static/AdvancedMagicFX12/Materials/M_ky_turbDust.uasset" 306
"../../../ProjSilverPhonex/Content/Static/AdvancedMagicFX12/Textures/T_ky_deco_doom.uasset" 307
"../../../ProjSilverPhonex/Content/Static/AdvancedMagicFX12/Materials/MI_ky_turbDust6.uasset" 308
"../../../ProjSilverPhonex/Content/Static/AdvancedMagicFX12/particles/P_ky_trail_thunderDust.uasset" 309
"../../../ProjSilverPhonex/Content/Static/AdvancedMagicFX12/Textures/T_ky_wave_nor.uasset" 310
"../../../ProjSilverPhonex/Content/Static/AdvancedMagicFX12/Materials/M_ky_waterDust.uasset" 311
"../../../ProjSilverPhonex/Content/Static/AdvancedMagicFX12/Materials/MI_ky_waterDust.uasset" 312
"../../../ProjSilverPhonex/Content/Static/AdvancedMagicFX12/particles/P_ky_trail_waterDust.uasset" 313
"../../../ProjSilverPhonex/Content/Static/AdvancedMagicFX12/particles/P_ky_trail_wind.uasset" 314
"../../../ProjSilverPhonex/Content/Static/AdvancedMagicFX12/Textures/T_ky_vortex04_4x4.uasset" 315
"../../../ProjSilverPhonex/Content/Static/AdvancedMagicFX12/Materials/M_ky_vortex04_4x4.uasset" 316
"../../../ProjSilverPhonex/Content/Static/AdvancedMagicFX12/Materials/MI_ky_vortex04B_4x4_two.uasset" 317
"../../../Engine/Content/Functions/Engine_MaterialFunctions01/Opacity/CameraDepthFade.uasset" 318
"../../../Engine/Content/EngineMaterials/T_Default_Material_Grid_M.uasset" 319
"../../../Engine/Content/EngineMaterials/T_Default_Material_Grid_N.uasset" 320
"../../../Engine/Content/EngineMaterials/WorldGridMaterial.uasset" 321
"../../../ProjSilverPhonex/Content/Static/AdvancedMagicFX12/Meshes/SM_ky_quad_centerRot.uasset" 322
"../../../ProjSilverPhonex/Content/Static/AdvancedMagicFX12/particles/P_ky_trail_windDust.uasset" 323
"../../../ProjSilverPhonex/Content/Static/Characters/Mannequin/Materials/MaterialLayers/ML_BasicTestMaterial.uasset" 324
"../../../ProjSilverPhonex/Content/Static/Characters/Mannequin/Materials/MaterialLayers/T_ML_Rubber_Blue_01_D.uasset" 325
"../../../ProjSilverPhonex/Content/Static/IconicPickupItems/Textures/T_Potion_Mask.uasset" 326
"../../../ProjSilverPhonex/Content/Static/IconicPickupItems/Textures/T_Potion_normals.uasset" 327
"../../../ProjSilverPhonex/Content/Static/IconicPickupItems/Materials/M_Potion.uasset" 328
"../../../ProjSilverPhonex/Content/Static/IconicPickupItems/Materials/M_Potion_HP.uasset" 329
"../../../ProjSilverPhonex/Content/Static/IconicPickupItems/StaticMeshes/SM_Potion_A.uasset" 330
"../../../ProjSilverPhonex/Content/Static/Weapons/InfinityBladeWeapons/Weapons/Blade/Swords/Blade_HeroSword10/T_Blade_HeroSword101_D.uasset" 331
"../../../ProjSilverPhonex/Content/Static/Weapons/InfinityBladeWeapons/Weapons/Blade/Swords/Blade_HeroSword10/T_Blade_HeroSword101_N.uasset" 332
"../../../ProjSilverPhonex/Content/Static/Weapons/InfinityBladeWeapons/Weapons/Blade/Swords/Blade_HeroSword10/T_Blade_HeroSword102_D.uasset" 333
"../../../ProjSilverPhonex/Content/Static/Weapons/InfinityBladeWeapons/Weapons/Blade/Swords/Blade_HeroSword10/T_Blade_HeroSword102_M.uasset" 334
"../../../ProjSilverPhonex/Content/Static/Weapons/InfinityBladeWeapons/Weapons/Blade/Swords/Blade_HeroSword10/T_Blade_HeroSword102_N.uasset" 335
"../../../ProjSilverPhonex/Content/Static/Weapons/InfinityBladeWeapons/Weapons/Blade/Swords/Blade_HeroSword10/M_Blade_HeroSword.uasset" 336
"../../../ProjSilverPhonex/Content/Static/Weapons/Meshes/heroblade.uasset" 337
"../../../ProjSilverPhonex/Content/Static/_Level/Map_sharedassets/Dirt_LayerInfo.uasset" 338
"../../../ProjSilverPhonex/Content/Static/_Level/Map_sharedassets/Grass_LayerInfo.uasset" 339
"../../../Engine/Content/ArtTools/RenderToTexture/MaterialFunctions/FlipbookWind.uasset" 340
"../../../ProjSilverPhonex/Content/Static/_Level/Textures/Placeholder/tex_diffuse.uasset" 341
"../../../ProjSilverPhonex/Content/Static/_Level/Material/Master_Material/M_grass_basic.uasset" 342
"../../../ProjSilverPhonex/Content/Static/_Level/Textures/Grass_Flower/tex_grass_diff.uasset" 343
"../../../ProjSilverPhonex/Content/Static/_Level/Material/Child_Material/M_grass_basic_Inst.uasset" 344
"../../../ProjSilverPhonex/Content/Static/_Level/Meshes/Grass/SM_grass1.uasset" 345
"../../../ProjSilverPhonex/Content/Static/_Level/Meshes/Grass/SM_grass4.uasset" 346
"../../../ProjSilverPhonex/Content/Static/_Level/Meshes/Grass/SM_grass_patch3.uasset" 347
"../../../ProjSilverPhonex/Content/Static/_Level/Meshes/Grass/SM_grass_patch6.uasset" 348
"../../../Engine/Content/Functions/Engine_MaterialFunctions02/WorldPositionOffset/Wind.uasset" 349
"../../../ProjSilverPhonex/Content/Static/_Level/Textures/Placeholder/tex_normal.uasset" 350
"../../../ProjSilverPhonex/Content/Static/_Level/Material/Master_Material/M_bark.uasset" 351
"../../../ProjSilverPhonex/Content/Static/_Level/Textures/Trees/tex_birchbark_diff.uasset" 352
"../../../ProjSilverPhonex/Content/Static/_Level/Textures/Trees/tex_birchbark_n.uasset" 353
"../../../ProjSilverPhonex/Content/Static/_Level/Material/Child_Material/M_birchbark_Inst.uasset" 354
"../../../ProjSilverPhonex/Content/Static/_Level/Material/Master_Material/M_tree_basic.uasset" 355
"../../../ProjSilverPhonex/Content/Static/_Level/Textures/Trees/tex_leaves_diff.uasset" 356
"../../../ProjSilverPhonex/Content/Static/_Level/Material/Child_Material/M_tree_basic_Inst.uasset" 357
"../../../ProjSilverPhonex/Content/Static/_Level/Meshes/Trees/SM_tree5.uasset" 358
"../../../ProjSilverPhonex/Content/Static/_Level/Meshes/Trees/SM_tree8.uasset" 359
"../../../ProjSilverPhonex/Content/Static/_Level/StarterContent/Textures/T_Ground_Grass_D.uasset" 360
"../../../ProjSilverPhonex/Content/Static/_Level/StarterContent/Textures/T_Ground_Gravel_D.uasset" 361
"../../../ProjSilverPhonex/Content/Static/_Level/StarterContent/Materials/FlatLand.uasset" 362
"../../../ProjSilverPhonex/Content/Static/_Level/StarterContent/Textures/T_Ground_Grass_N.uasset" 363
"../../../ProjSilverPhonex/Content/Static/_Level/StarterContent/Textures/T_MacroVariation.uasset" 364
"../../../ProjSilverPhonex/Content/Static/_Level/StarterContent/Textures/T_Perlin_Noise_M.uasset" 365
"../../../ProjSilverPhonex/Content/Static/_Level/StarterContent/Materials/M_Ground_Grass.uasset" 366
"../../../ProjSilverPhonex/Content/Static/_Level/StarterContent/Textures/T_Ground_Gravel_N.uasset" 367
"../../../ProjSilverPhonex/Content/Static/_Level/StarterContent/Materials/M_Ground_Gravel.uasset" 368
"../../../ProjSilverPhonex/Content/Static/_Level/ThirdPerson/Meshes/RampMaterial.uasset" 369
"../../../ProjSilverPhonex/Content/Static/_Level/ThirdPerson/Meshes/Linear_Stair_StaticMesh.uasset" 370
"../../../Engine/Content/EngineMaterials/DefaultMaterial.uasset" 371
"../../../Engine/Content/BasicShapes/Cone.uasset" 372
"../../../Engine/Content/BasicShapes/Cylinder.uasset" 373
"../../../Engine/Content/BasicShapes/Plane.uasset" 374
"../../../Engine/Content/BasicShapes/Sphere.uasset" 375
"../../../Engine/Content/EditorLandscapeResources/DataLayer.uasset" 376
"../../../Engine/Content/EditorMaterials/GizmoMaterial.uasset" 377
"../../../Engine/Content/EditorMaterials/MAT_Groups_Toggle.uasset" 378
"../../../Engine/Content/EditorMaterials/MAT_Groups_Visibility.uasset" 379
"../../../Engine/Content/EditorMaterials/PreviewShadowIndicator.uasset" 380
"../../../Engine/Content/EditorMaterials/PreviewShadowIndicatorMaterial.uasset" 381
"../../../Engine/Content/EditorMaterials/AssetViewer/EpicQuadPanorama_CC+EV1.uasset" 382
"../../../Engine/Content/EditorMaterials/MatineeGroups/MAT_ColorTrack.uasset" 383
"../../../Engine/Content/EditorMaterials/MatineeGroups/MAT_Groups_Anim.uasset" 384
"../../../Engine/Content/EditorMaterials/MatineeGroups/MAT_Groups_AudioMaster.uasset" 385
"../../../Engine/Content/EditorMaterials/MatineeGroups/MAT_Groups_Director.uasset" 386
"../../../Engine/Content/EditorMaterials/MatineeGroups/MAT_Groups_Event.uasset" 387
"../../../Engine/Content/EditorMaterials/MatineeGroups/MAT_Groups_Fade.uasset" 388
"../../../Engine/Content/EditorMaterials/MatineeGroups/MAT_Groups_Float.uasset" 389
"../../../Engine/Content/EditorMaterials/MatineeGroups/MAT_Groups_Move.uasset" 390
"../../../Engine/Content/EditorMaterials/MatineeGroups/MAT_Groups_Slomo.uasset" 391
"../../../Engine/Content/EditorMaterials/MatineeGroups/MAT_Groups_Sound.uasset" 392
"../../../Engine/Content/EditorMaterials/MatineeGroups/MAT_Groups_Vector.uasset" 393
"../../../Engine/Content/EditorMaterials/ParticleSystems/PSysThumbnail_NoImage.uasset" 394
"../../../Engine/Content/EditorMaterials/ParticleSystems/PSysThumbnail_OOD.uasset" 395
"../../../Engine/Content/EditorMaterials/Camera/CineMat.uasset" 396
"../../../Engine/Content/EditorMaterials/Camera/MI_CineMat_Rig.uasset" 397
"../../../Engine/Content/EditorMeshes/Camera/SM_CraneRig_Arm.uasset" 398
"../../../Engine/Content/EditorMeshes/Camera/SM_CraneRig_Base.uasset" 399
"../../../Engine/Content/EditorMeshes/Camera/SM_CraneRig_Body.uasset" 400
"../../../Engine/Content/EditorMeshes/Camera/SM_CraneRig_Mount.uasset" 401
"../../../Engine/Content/EditorMeshes/Camera/SM_RailRig_Mount.uasset" 402
"../../../Engine/Content/EditorMeshes/Camera/SM_RailRig_Track.uasset" 403
"../../../Engine/Content/EditorResources/BSPVertex.uasset" 404
"../../../Engine/Content/EditorResources/EmptyActor.uasset" 405
"../../../Engine/Content/EditorResources/S_Actor.uasset" 406
"../../../Engine/Content/EditorResources/S_Trigger.uasset" 407
"../../../Engine/Content/EditorResources/LightIcons/S_LightError.uasset" 408
"../../../Engine/Content/EditorResources/SequenceRecorder/Countdown.uasset" 409
"../../../Engine/Content/EditorResources/SequenceRecorder/RecordingIndicator.uasset" 410
"../../../Engine/Content/EditorSounds/Notifications/CompileFailed.uasset" 411
"../../../Engine/Content/EditorSounds/Notifications/CompileFailed_Cue.uasset" 412
"../../../Engine/Content/EditorSounds/Notifications/CompileSuccess.uasset" 413
"../../../Engine/Content/EditorSounds/Notifications/CompileStart_Cue.uasset" 414
"../../../Engine/Content/EditorSounds/Notifications/CompileSuccess_Cue.uasset" 415
"../../../Engine/Content/EngineDamageTypes/DmgTypeBP_Environmental.uasset" 416
"../../../Engine/Content/EngineDebugMaterials/HeatmapGradient.uasset" 417
"../../../Engine/Content/EngineDebugMaterials/BoneWeightMaterial.uasset" 418
"../../../Engine/Content/EngineDebugMaterials/ClothMaterial.uasset" 419
"../../../Engine/Content/EngineDebugMaterials/ClothMaterial_WF.uasset" 420
"../../../Engine/Content/EngineDebugMaterials/DebugEditorMaterial.uasset" 421
"../../../Engine/Content/EngineDebugMaterials/DebugMeshMaterial.uasset" 422
"../../../Engine/Content/EngineDebugMaterials/GeomMaterial.uasset" 423
"../../../Engine/Content/EngineFonts/Faces/RobotoBold.uasset" 424
"../../../Engine/Content/EngineFonts/Faces/RobotoBoldItalic.uasset" 425
"../../../Engine/Content/EngineFonts/Faces/RobotoItalic.uasset" 426
"../../../Engine/Content/EngineFonts/Faces/RobotoLight.uasset" 427
"../../../Engine/Content/EngineFonts/Faces/RobotoRegular.uasset" 428
"../../../Engine/Content/EngineFonts/Roboto.uasset" 429
"../../../Engine/Content/EngineFonts/Faces/RobotoTiny.uasset" 430
"../../../Engine/Content/EngineFonts/RobotoTiny.uasset" 431
"../../../Engine/Content/EngineMaterials/DefaultBloomKernel.uasset" 432
"../../../Engine/Content/EngineMaterials/DefaultBokeh.uasset" 433
"../../../Engine/Content/EngineMaterials/DefaultDiffuse.uasset" 434
"../../../Engine/Content/EngineMaterials/DefaultDeferredDecalMaterial.uasset" 435
"../../../Engine/Content/EngineMaterials/DefaultLightFunctionMaterial.uasset" 436
"../../../Engine/Content/EngineMaterials/DefaultPhysicalMaterial.uasset" 437
"../../../Engine/Content/Functions/Engine_MaterialFunctions02/Utility/BreakOutFloat2Components.uasset" 438
"../../../Engine/Content/EngineMaterials/DefaultPostProcessMaterial.uasset" 439
"../../../Engine/Content/EngineFonts/RobotoDistanceField.uasset" 440
"../../../Engine/Content/EngineMaterials/DefaultTextMaterialOpaque.uasset" 441
"../../../Engine/Content/EngineMaterials/DefaultWhiteGrid.uasset" 442
"../../../Engine/Content/EngineMaterials/EditorBrushMaterial.uasset" 443
"../../../Engine/Content/EngineMaterials/Good64x64TilingNoiseHighFreq.uasset" 444
"../../../Engine/Content/EngineMaterials/MiniFont.uasset" 445
"../../../Engine/Content/EngineMaterials/InvalidLightmapSettings.uasset" 446
"../../../Engine/Content/EngineMaterials/M_InvalidLightmapSettings.uasset" 447
"../../../Engine/Content/EngineMaterials/PhAT_JointLimitMaterial.uasset" 448
"../../../Engine/Content/EngineMaterials/PreintegratedSkinBRDF.uasset" 449
"../../../Engine/Content/EngineMaterials/RemoveSurfaceMaterial.uasset" 450
"../../../Engine/Content/EngineMaterials/WeightMapPlaceholderTexture.uasset" 451
"../../../Engine/Content/EngineResources/WhiteSquareTexture.uasset" 452
"../../../Engine/Content/EngineMaterials/Widget3DPassThrough.uasset" 453
"../../../Engine/Content/EngineMaterials/Widget3DPassThrough_Masked.uasset" 454
"../../../Engine/Content/EngineMaterials/Widget3DPassThrough_Opaque.uasset" 455
"../../../Engine/Content/EngineMaterials/Widget3DPassThrough_Masked_OneSided.uasset" 456
"../../../Engine/Content/EngineMaterials/Widget3DPassThrough_Opaque_OneSided.uasset" 457
"../../../Engine/Content/EngineMaterials/Widget3DPassThrough_Translucent.uasset" 458
"../../../Engine/Content/EngineMaterials/Widget3DPassThrough_Translucent_OneSided.uasset" 459
"../../../Engine/Content/EngineMeshes/Cube.uasset" 460
"../../../Engine/Content/EngineMeshes/Cylinder.uasset" 461
"../../../Engine/Content/EngineMeshes/Sphere.uasset" 462
"../../../Engine/Content/EngineResources/DefaultTextureCube.uasset" 463
"../../../Engine/Content/EngineResources/GradientTexture0.uasset" 464
"../../../Engine/Content/EngineSounds/Master.uasset" 465
"../../../Engine/Content/Functions/Engine_MaterialFunctions01/Shading/ConvertFromDiffSpec.uasset" 466
"../../../Engine/Content/Functions/Engine_MaterialFunctions01/Shading/PowerToRoughness.uasset" 467
"../../../Engine/Content/Maps/Templates/Thumbnails/Default.uasset" 468
"../../../Engine/Content/Maps/Templates/Thumbnails/VR-Basic.uasset" 469
"../../../Engine/Content/MobileResources/T_MobileControls_texture.uasset" 470
"../../../Engine/Content/MobileResources/T_MobileMenu2.uasset" 471
"../../../Engine/Content/MobileResources/HUD/AnalogHat.uasset" 472
"../../../Engine/Content/MobileResources/HUD/VirtualJoystick_Background.uasset" 473
"../../../Engine/Content/MobileResources/HUD/VirtualJoystick_Thumb.uasset" 474
"../../../Engine/Content/MobileResources/HUD/DefaultVirtualJoysticks.uasset" 475
"../../../Engine/Content/MobileResources/HUD/LeftVirtualJoystickOnly.uasset" 476
"../../../Engine/Content/MobileResources/HUD/MobileHUDButton1_off.uasset" 477
"../../../Engine/Content/MobileResources/HUD/MobileHUDButton1_on.uasset" 478
"../../../Engine/Content/MobileResources/HUD/MobileHUDButton2_off.uasset" 479
"../../../Engine/Content/MobileResources/HUD/MobileHUDButton2_on.uasset" 480
"../../../Engine/Content/MobileResources/HUD/MobileHUDButton3.uasset" 481
"../../../Engine/Content/MobileResources/HUD/MobileHUDButtonFire.uasset" 482
"../../../Engine/Content/MobileResources/HUD/MobileHUDDirectionPad.uasset" 483
"../../../Engine/Content/MobileResources/HUD/MobileHUDDirectionPad2.uasset" 484
"../../../Engine/Content/MobileResources/HUD/MobileHUDDirectionPad3.uasset" 485
"../../../Engine/Content/MobileResources/HUD/MobileHUDDirectionStick.uasset" 486
"../../../Engine/Content/MobileResources/HUD/T_Castle_ThumbstickInner.uasset" 487
"../../../Engine/Content/MobileResources/HUD/T_Castle_ThumbstickOutter.uasset" 488
"../../../Engine/Content/Tutorial/ContentIntroCurve.uasset" 489
"../../../Engine/Content/Tutorial/Basics/TutorialAssets/icon_tab_Levels_40x.uasset" 490
"../../../Engine/Content/Tutorial/BlueprintTutorials/TutorialAssets/BlueprintInterface_64x.uasset" 491
"../../../Engine/Content/Tutorial/BlueprintTutorials/TutorialAssets/BlueprintMacroLibrary_64x.uasset" 492
"../../../Engine/Content/Tutorial/BlueprintTutorials/TutorialAssets/Blueprint_64x.uasset" 493
"../../../Engine/Content/Tutorial/BlueprintTutorials/TutorialAssets/Tutorial_BP_Interface.uasset" 494
"../../../Engine/Content/Tutorial/Foliage/TutorialAssets/Foliage.uasset" 495
"../../../Engine/Content/Tutorial/Landscape/TutorialAssets/Landscape.uasset" 496
"../../../Engine/Content/Tutorial/Paper2D/TutorialAssets/Paper2DFlipbook_TutorialIcon.uasset" 497
"../../../Engine/Content/Tutorial/Paper2D/TutorialAssets/Paper2DSprite_TutorialIcon.uasset" 498
"../../../Engine/Content/Tutorial/SubEditors/TutorialAssets/icon_Editor_Preferences_General_40x.uasset" 499
"../../../Engine/Content/Tutorial/SubEditors/TutorialAssets/icon_ShowSkeletalMeshes_40x.uasset" 500
"../../../Engine/Content/Tutorial/SubEditors/TutorialAssets/TutorialMaterial.uasset" 501
"../../../Engine/Content/Tutorial/SubEditors/TutorialAssets/T_SmokeSubUV_8X8.uasset" 502
"../../../Engine/Content/Tutorial/SubEditors/TutorialAssets/T_soft_smoke.uasset" 503
"../../../Engine/Content/Tutorial/SubEditors/TutorialAssets/M_smoke_subUV_blackbody.uasset" 504
"../../../Engine/Content/Tutorial/SubEditors/TutorialAssets/TutorialParticleSystem.uasset" 505
"../../../Engine/Content/EditorMeshes/EditorCube.uasset" 506
"../../../Engine/Content/Tutorial/SubEditors/TutorialAssets/Tutorial_DM.uasset" 507
"../../../Engine/Content/VREditor/Devices/Generic/GenericHMDMaterial.uasset" 508
"../../../Engine/Content/VREditor/Devices/Generic/GenericHMD.uasset" 509
"../../../Engine/Content/VREditor/FloatingText/LineMaterial.uasset" 510
"../../../Engine/Content/VREditor/FloatingText/JointSphere.uasset" 511
"../../../Engine/Content/VREditor/FloatingText/LineSegmentCylinder.uasset" 512
"../../../Engine/Content/VREditor/Fonts/VRText_RobotoLarge.uasset" 513
"../../../Engine/Content/VREditor/Fonts/VRTextMaterial.uasset" 514
"../../../Engine/Content/VREditor/Fonts/TranslucentVRTextMaterial.uasset" 515
"../../../Engine/Content/VREditor/LaserPointer/CursorPointer.uasset" 516
"../../../Engine/Content/VREditor/LaserPointer/VR_LaserPower_01.uasset" 517
"../../../Engine/Content/VREditor/TransformGizmo/TransformGizmoMaterial.uasset" 518
"../../../Engine/Content/VREditor/LaserPointer/HoverMaterial.uasset" 519
"../../../Engine/Content/VREditor/TransformGizmo/TranslucentTransformGizmoMaterial.uasset" 520
"../../../Engine/Content/VREditor/LaserPointer/TranslucentHoverMaterial.uasset" 521
"../../../Engine/Content/VREditor/LaserPointer/HoverMesh.uasset" 522
"../../../Engine/Content/VREditor/LaserPointer/LaserPointerMaterial.uasset" 523
"../../../Engine/Content/VREditor/LaserPointer/LaserPointerMaterialInst.uasset" 524
"../../../Engine/Content/VREditor/LaserPointer/TranslucentLaserPointerMaterialInst.uasset" 525
"../../../Engine/Content/VREditor/LaserPointer/LaserPointerMesh.uasset" 526
"../../../Engine/Content/VREditor/LaserPointer/LaserPointerMesh_End.uasset" 527
"../../../Engine/Content/VREditor/LaserPointer/LaserPointerMesh_Start.uasset" 528
"../../../Engine/Content/Functions/Engine_MaterialFunctions02/Utility/BreakOutFloat3Components.uasset" 529
"../../../Engine/Content/Functions/Engine_MaterialFunctions02/Math/Transform3x3Matrix.uasset" 530
"../../../Engine/Content/Functions/Engine_MaterialFunctions02/SplitComponents.uasset" 531
"../../../Engine/Content/Functions/Engine_MaterialFunctions02/Utility/MakeFloat3.uasset" 532
"../../../Engine/Content/VREditor/SnapGrid/SnapGridMaterial.uasset" 533
"../../../Engine/Content/VREditor/SnapGrid/SnapGridPlaneMesh.uasset" 534
"../../../Engine/Content/VREditor/Sounds/VR_teleport.uasset" 535
"../../../Engine/Content/VREditor/Sounds/UI/Click_on_Button_Cue.uasset" 536
"../../../Engine/Content/VREditor/Sounds/UI/Dockable_Window_Close.uasset" 537
"../../../Engine/Content/VREditor/Sounds/UI/Dockable_Window_Drop.uasset" 538
"../../../Engine/Content/VREditor/Sounds/UI/Dockable_Window_Open.uasset" 539
"../../../Engine/Content/VREditor/Sounds/UI/Dockable_Window_Pick_Up.uasset" 540
"../../../Engine/Content/VREditor/Sounds/UI/Drop_Item_From_ContentBrowser.uasset" 541
"../../../Engine/Content/VREditor/Sounds/UI/Floating_UI_Open-001.uasset" 542
"../../../Engine/Content/VREditor/Sounds/UI/Gizmo_Handle_Clicked.uasset" 543
"../../../Engine/Content/VREditor/Sounds/UI/Object_PickUp.uasset" 544
"../../../Engine/Content/VREditor/Sounds/UI/Object_Snaps_To_Another_Actor.uasset" 545
"../../../Engine/Content/VREditor/Sounds/UI/Object_Snaps_To_Grid.uasset" 546
"../../../Engine/Content/VREditor/Sounds/UI/Radial_Menu_FadeOut.uasset" 547
"../../../Engine/Content/VREditor/Sounds/UI/Scaling_Down.uasset" 548
"../../../Engine/Content/VREditor/Sounds/UI/Scaling_Up.uasset" 549
"../../../Engine/Content/VREditor/Sounds/UI/Selection_Changes.uasset" 550
"../../../Engine/Content/VREditor/Sounds/UI/Teleport_Mode_Entered.uasset" 551
"../../../Engine/Content/VREditor/Teleport/TeleportDirectionMaterial.uasset" 552
"../../../Engine/Content/VREditor/Teleport/TeleportDirectionMaterial_Inst.uasset" 553
"../../../Engine/Content/VREditor/Teleport/TeleportDirectionMesh.uasset" 554
"../../../Engine/Content/VREditor/TransformGizmo/BoundingBoxCorner.uasset" 555
"../../../Engine/Content/VREditor/TransformGizmo/BoundingBoxEdge.uasset" 556
"../../../Engine/Content/VREditor/TransformGizmo/PlaneTranslationHandle.uasset" 557
"../../../Engine/Content/VREditor/TransformGizmo/RotationHandleFull.uasset" 558
"../../../Engine/Content/VREditor/TransformGizmo/RotationHandleIndicator.uasset" 559
"../../../Engine/Content/VREditor/TransformGizmo/RotationHandleQuarter.uasset" 560
"../../../Engine/Content/VREditor/TransformGizmo/Main.uasset" 561
"../../../Engine/Content/VREditor/TransformGizmo/Xray.uasset" 562
"../../../Engine/Content/VREditor/TransformGizmo/SM_Dialog_Close.uasset" 563
"../../../Engine/Content/VREditor/TransformGizmo/SM_Dialog_Move.uasset" 564
"../../../Engine/Content/VREditor/TransformGizmo/SM_Sequencer_Key.uasset" 565
"../../../Engine/Content/VREditor/TransformGizmo/StartRotationHandleIndicator.uasset" 566
"../../../Engine/Content/VREditor/TransformGizmo/TranslucentTransformGizmoMaterial_Inst.uasset" 567
"../../../Engine/Content/VREditor/TransformGizmo/TransformGizmoFreeRotation.uasset" 568
"../../../Engine/Content/VREditor/TransformGizmo/TransformGizmoMaterial_Inst.uasset" 569
"../../../Engine/Content/VREditor/TransformGizmo/TranslateArrowHandle.uasset" 570
"../../../Engine/Content/VREditor/TransformGizmo/UniformScaleHandle.uasset" 571
"../../../Engine/Content/VREditor/UI/KeyDiskMaterial.uasset" 572
"../../../Engine/Content/VREditor/UI/DiscMaterial.uasset" 573
"../../../Engine/Content/VREditor/UI/SM_Radial_Disk.uasset" 574
"../../../Engine/Content/Functions/Engine_MaterialFunctions01/Gradient/RadialGradient.uasset" 575
"../../../Engine/Content/VREditor/WorldMovementGrid/SimpleGrid.uasset" 576
"../../../Engine/Content/VREditor/WorldMovementGrid/GridMaterial.uasset" 577
"../../../Engine/Content/VREditor/WorldMovementGrid/GridPostProcess.uasset" 578
"../../../Engine/Content/EditorLandscapeResources/FlattenHeightMat.uasset" 579
"../../../Engine/Content/VREditor/WorldMovementGrid/PlaneMesh.uasset" 580
"../../../Engine/Plugins/2D/Paper2D/Content/PlaceholderTextures/DummySpriteTexture.uasset" 581
"../../../Engine/Plugins/2D/Paper2D/Content/DummySprite.uasset" 582
"../../../Engine/Plugins/2D/Paper2D/Content/DefaultPaperTerrainMaterial.uasset" 583
"../../../Engine/Plugins/2D/Paper2D/Content/DefaultSpriteMaterial.uasset" 584
"../../../Engine/Plugins/2D/Paper2D/Content/MaskedUnlitSpriteMaterial.uasset" 585
"../../../Engine/Plugins/2D/Paper2D/Content/OpaqueUnlitSpriteMaterial.uasset" 586
"../../../Engine/Plugins/Runtime/Oculus/OculusVR/Content/Textures/GearVRController_AO.uasset" 587
"../../../Engine/Plugins/Runtime/Oculus/OculusVR/Content/Textures/GearVRController_Color.uasset" 588
"../../../Engine/Plugins/Runtime/Oculus/OculusVR/Content/Textures/GearVRController_Normal.uasset" 589
"../../../Engine/Plugins/Runtime/Oculus/OculusVR/Content/Materials/GearVRControllerMaterial.uasset" 590
"../../../Engine/Plugins/Runtime/Oculus/OculusVR/Content/Meshes/GearVrController.uasset" 591
"../../../ProjSilverPhonex/Content/Dynamic/AI/Animations/Dead_03.uasset" 592
"../../../ProjSilverPhonex/Content/Dynamic/AI/Animations/Dead_04.uasset" 593
"../../../ProjSilverPhonex/Content/Dynamic/AI/Animations/Idle_Eqip_02.uasset" 594
"../../../ProjSilverPhonex/Content/Dynamic/AI/Animations/Run_Eqip.uasset" 595
"../../../ProjSilverPhonex/Content/Dynamic/AI/Animations/Walk_Eqip_Back.uasset" 596
"../../../ProjSilverPhonex/Content/Dynamic/AI/Animations/Walk_Eqip_Left.uasset" 597
"../../../ProjSilverPhonex/Content/Dynamic/AI/Animations/Walk_Eqip_Right.uasset" 598
"../../../ProjSilverPhonex/Content/Dynamic/AI/Animations/walk_BS.uasset" 599
"../../../ProjSilverPhonex/Content/Dynamic/AI/Animations/FootSoldier.uasset" 600
"../../../ProjSilverPhonex/Content/Dynamic/AI/Animations/Damage_01.uasset" 601
"../../../ProjSilverPhonex/Content/Dynamic/AI/Animations/Damage_01_Montage.uasset" 602
"../../../ProjSilverPhonex/Content/Dynamic/AI/Behaviour/SkeletonFM_BB.uasset" 603
"../../../ProjSilverPhonex/Content/Dynamic/AI/Behaviour/CheckDistance.uasset" 604
"../../../ProjSilverPhonex/Content/Dynamic/AI/Behaviour/ClearKey.uasset" 605
"../../../ProjSilverPhonex/Content/Dynamic/AI/Behaviour/SetFocus.uasset" 606
"../../../ProjSilverPhonex/Content/Dynamic/AI/Behaviour/StafeTask.uasset" 607
"../../../ProjSilverPhonex/Content/Dynamic/AI/Behaviour/SkeletonFootman_BT.uasset" 608
"../../../ProjSilverPhonex/Content/Dynamic/AI/Behaviour/EnemyAIController_BP.uasset" 609
"../../../ProjSilverPhonex/Content/Dynamic/AI/Animations/Attack_13.uasset" 610
"../../../ProjSilverPhonex/Content/Dynamic/AI/Animations/Attack_13_Montage1.uasset" 611
"../../../ProjSilverPhonex/Content/Dynamic/AI/Animations/Attack_15.uasset" 612
"../../../ProjSilverPhonex/Content/Dynamic/AI/Animations/Attack_15_Montage.uasset" 613
"../../../ProjSilverPhonex/Content/Static/AdvancedMagicFX12/Materials/M_ky_trail_sword.uasset" 614
"../../../ProjSilverPhonex/Content/Static/AdvancedMagicFX12/particles/P_ky_trail_primitive2.uasset" 615
"../../../ProjSilverPhonex/Content/Static/Weapons/InfinityBladeWeapons/Weapons/Blade/Axes/Blade_DeadlyAxe/T_Blade_Deadly_Axe1_D.uasset" 616
"../../../ProjSilverPhonex/Content/Static/Weapons/InfinityBladeWeapons/Weapons/Blade/Axes/Blade_DeadlyAxe/T_Blade_Deadly_Axe1_M.uasset" 617
"../../../ProjSilverPhonex/Content/Static/Weapons/InfinityBladeWeapons/Weapons/Blade/Axes/Blade_DeadlyAxe/T_Blade_Deadly_Axe1_N.uasset" 618
"../../../ProjSilverPhonex/Content/Static/Weapons/InfinityBladeWeapons/Weapons/Blade/Axes/Blade_DeadlyAxe/T_Blade_Deadly_Axe2_D.uasset" 619
"../../../ProjSilverPhonex/Content/Static/Weapons/InfinityBladeWeapons/Weapons/Blade/Axes/Blade_DeadlyAxe/T_Blade_Deadly_Axe2_M.uasset" 620
"../../../ProjSilverPhonex/Content/Static/Weapons/InfinityBladeWeapons/Weapons/Blade/Axes/Blade_DeadlyAxe/T_Blade_Deadly_Axe2_N.uasset" 621
"../../../ProjSilverPhonex/Content/Static/Weapons/InfinityBladeWeapons/Weapons/Blade/Axes/Blade_DeadlyAxe/M_Blade_DeadlyAxe.uasset" 622
"../../../ProjSilverPhonex/Content/Static/Weapons/InfinityBladeWeapons/Weapons/Blade/Axes/Blade_DeadlyAxe/SK_Blade_DeadlyAxe_Skeleton.uasset" 623
"../../../ProjSilverPhonex/Content/Static/Weapons/InfinityBladeWeapons/Weapons/Blade/Axes/Blade_DeadlyAxe/SK_Blade_DeadlyAxe.uasset" 624
"../../../ProjSilverPhonex/Content/Dynamic/AI/Weapons/Axe_Bp.uasset" 625
"../../../ProjSilverPhonex/Content/Dynamic/UI/ARRow4.uasset" 626
"../../../ProjSilverPhonex/Content/Dynamic/UI/TargetIcon.uasset" 627
"../../../ProjSilverPhonex/Content/Static/Characters/SkeletonArmy/Textures/Footman/T_SkeletonFootmanArmor_D.uasset" 628
"../../../ProjSilverPhonex/Content/Static/Characters/SkeletonArmy/Textures/Footman/T_SkeletonFootmanArmor_N.uasset" 629
"../../../ProjSilverPhonex/Content/Static/Characters/SkeletonArmy/Textures/Footman/T_SkeletonFootmanArmor_S.uasset" 630
"../../../ProjSilverPhonex/Content/Static/Characters/SkeletonArmy/Materials/Footman/M_SkeletonFootmanArmor.uasset" 631
"../../../ProjSilverPhonex/Content/Static/Characters/SkeletonArmy/Textures/T_Skeleton_D.uasset" 632
"../../../ProjSilverPhonex/Content/Static/Characters/SkeletonArmy/Textures/T_Skeleton_N.uasset" 633
"../../../ProjSilverPhonex/Content/Static/Characters/SkeletonArmy/Materials/M_Skeleton.uasset" 634
"../../../ProjSilverPhonex/Content/Static/Characters/SkeletonArmy/Characters/Footman/SkeletonFootman_PhysicsAsset.uasset" 635
"../../../ProjSilverPhonex/Content/Static/Characters/SkeletonArmy/Characters/Footman/SK_SkeletonFootman.uasset" 636
"../../../ProjSilverPhonex/Content/Dynamic/AI/Axe_FootSoldier.uasset" 637
"../../../ProjSilverPhonex/Content/Dynamic/AI/Animations/Attack_09.uasset" 638
"../../../ProjSilverPhonex/Content/Dynamic/AI/Animations/Attack_09_Montage.uasset" 639
"../../../ProjSilverPhonex/Content/Static/Weapons/InfinityBladeWeapons/Weapons/Blade/Swords/Blade_BlackWyrmBlade/T_Blade_BlackWyrmBlade1_D.uasset" 640
"../../../ProjSilverPhonex/Content/Static/Weapons/InfinityBladeWeapons/Weapons/Blade/Swords/Blade_BlackWyrmBlade/T_Blade_BlackWyrmBlade2_D.uasset" 641
"../../../ProjSilverPhonex/Content/Static/Weapons/InfinityBladeWeapons/Weapons/Blade/Swords/Blade_BlackWyrmBlade/T_Blade_BlackWyrmBlade2_N.uasset" 642
"../../../ProjSilverPhonex/Content/Static/Weapons/InfinityBladeWeapons/Weapons/Blade/Swords/Blade_BlackWyrmBlade/M_Blade_BlackWyrmBlade.uasset" 643
"../../../ProjSilverPhonex/Content/Static/Weapons/InfinityBladeWeapons/Weapons/Blade/Swords/Blade_BlackWyrmBlade/SK_Blade_BlackWyrmBlade_Skeleton.uasset" 644
"../../../ProjSilverPhonex/Content/Static/Weapons/InfinityBladeWeapons/Weapons/Blade/Swords/Blade_BlackWyrmBlade/SK_Blade_BlackWyrmBlade.uasset" 645
"../../../ProjSilverPhonex/Content/Dynamic/AI/Weapons/SwordBp.uasset" 646
"../../../ProjSilverPhonex/Content/Dynamic/AI/Sword_FootSoldier.uasset" 647
"../../../Engine/Content/EngineSky/C_Sky_Cloud_Color.uasset" 648
"../../../Engine/Content/EngineSky/C_Sky_Horizon_Color.uasset" 649
"../../../Engine/Content/EngineSky/C_Sky_Zenith_Color.uasset" 650
"../../../Engine/Content/EngineSky/T_Sky_Blue.uasset" 651
"../../../Engine/Content/EngineSky/T_Sky_Clouds_M.uasset" 652
"../../../Engine/Content/EngineSky/T_Sky_Stars.uasset" 653
"../../../Engine/Content/EngineSky/M_Sky_Panning_Clouds2.uasset" 654
"../../../Engine/Content/EngineSky/SM_SkySphere.uasset" 655
"../../../Engine/Content/EngineSky/BP_Sky_Sphere.uasset" 656
"../../../ProjSilverPhonex/Content/Dynamic/DynamicSwordAnimset/Animations/RootMotion/Attack_06.uasset" 657
"../../../ProjSilverPhonex/Content/Dynamic/Animations/Montage/Attack_06_Montage.uasset" 658
"../../../ProjSilverPhonex/Content/Dynamic/DynamicSwordAnimset/Animations/RootMotion/Attack_14.uasset" 659
"../../../ProjSilverPhonex/Content/Dynamic/Animations/Montage/Attack_14_Montage.uasset" 660
"../../../ProjSilverPhonex/Content/Dynamic/DynamicSwordAnimset/Animations/RootMotion/Attack_15.uasset" 661
"../../../ProjSilverPhonex/Content/Dynamic/Animations/Montage/Attack_15_Montage.uasset" 662
"../../../ProjSilverPhonex/Content/Static/AdvancedMagicFX12/Materials/MI_ky_trail_sword_water.uasset" 663
"../../../ProjSilverPhonex/Content/Static/AdvancedMagicFX12/particles/P_ky_trail_water.uasset" 664
"../../../ProjSilverPhonex/Content/Static/Weapons/InfinityBladeWeapons/Weapons/Blade/Swords/Blade_BlackKnight/T_Blade_BlackKnight_Sword1_D.uasset" 665
"../../../ProjSilverPhonex/Content/Static/Weapons/InfinityBladeWeapons/Weapons/Blade/Swords/Blade_BlackKnight/T_Blade_BlackKnight_Sword1_M.uasset" 666
"../../../ProjSilverPhonex/Content/Static/Weapons/InfinityBladeWeapons/Weapons/Blade/Swords/Blade_BlackKnight/T_Blade_BlackKnight_Sword1_N.uasset" 667
"../../../ProjSilverPhonex/Content/Static/Weapons/InfinityBladeWeapons/Weapons/Blade/Swords/Blade_BlackKnight/T_Blade_BlackKnight_Sword2_D.uasset" 668
"../../../ProjSilverPhonex/Content/Static/Weapons/InfinityBladeWeapons/Weapons/Blade/Swords/Blade_BlackKnight/T_Blade_BlackKnight_Sword2_M.uasset" 669
"../../../ProjSilverPhonex/Content/Static/Weapons/InfinityBladeWeapons/Weapons/Blade/Swords/Blade_BlackKnight/T_Blade_BlackKnight_Sword2_N.uasset" 670
"../../../ProjSilverPhonex/Content/Static/Weapons/InfinityBladeWeapons/Weapons/Blade/Swords/Blade_BlackKnight/M_Blade_BlackKnight.uasset" 671
"../../../ProjSilverPhonex/Content/Static/Weapons/InfinityBladeWeapons/Weapons/Blade/Swords/Blade_BlackKnight/SK_Blade_BlackKnight_Skeleton.uasset" 672
"../../../ProjSilverPhonex/Content/Static/Weapons/InfinityBladeWeapons/Weapons/Blade/Swords/Blade_BlackKnight/SK_Blade_BlackKnight.uasset" 673
"../../../ProjSilverPhonex/Content/Static/Weapons/Meshes/BlackNightSword.uasset" 674
"../../../ProjSilverPhonex/Content/Dynamic/Items/DemonSword_BP.uasset" 675
"../../../ProjSilverPhonex/Content/Static/IconicPickupItems/Materials/M_Basic_Master.uasset" 676
"../../../ProjSilverPhonex/Content/Static/IconicPickupItems/Materials/M_Heart.uasset" 677
"../../../ProjSilverPhonex/Content/Static/IconicPickupItems/StaticMeshes/SM_Heart_A.uasset" 678
"../../../ProjSilverPhonex/Content/Static/IconicPickupItems/Textures/Key_B_albedo.uasset" 679
"../../../ProjSilverPhonex/Content/Dynamic/Items/HealthPotion.uasset" 680
"../../../ProjSilverPhonex/Content/Static/IconicPickupItems/Materials/M_Power_Sphere.uasset" 681
"../../../ProjSilverPhonex/Content/Static/IconicPickupItems/StaticMeshes/SM_Sphere.uasset" 682
"../../../ProjSilverPhonex/Content/Dynamic/Items/PickUp_Actor.uasset" 683
"../../../ProjSilverPhonex/Content/Dynamic/ProjSilverPhonexGameModeBase_BP.uasset" 684
"../../../ProjSilverPhonex/Content/Static/_Level/Map_BuiltData.uasset" 685
"../../../Engine/Content/BasicShapes/BasicShapeMaterial.uasset" 686
"../../../Engine/Content/BasicShapes/Cube.uasset" 687
"../../../ProjSilverPhonex/Content/Static/_Level/Meshes/Trees/SM_tree9.uasset" 688
"../../../ProjSilverPhonex/Content/Static/_Level/Map.umap" 689
"../../../Engine/Content/Maps/Entry.umap" 690
